<?xml version="1.0" encoding="UTF-8"?>
<!-- Generated by org.testng.reporters.JUnitReportReporter -->
<testsuite hostname="REENA-S-N-50CHT74E" failures="0" tests="9" name="com.sevenrmartsupermarket.tests.AdminUsersTest" time="87.245" errors="0" timestamp="2025-03-10T20:43:50 IST" skipped="0">
  <testcase classname="com.sevenrmartsupermarket.tests.AdminUsersTest" name="verify_Buttons_AdminUsersPage" time="6.658"/>
  <testcase classname="com.sevenrmartsupermarket.tests.AdminUsersTest" name="verify_AddNewUser" time="13.264"/>
  <testcase classname="com.sevenrmartsupermarket.tests.AdminUsersTest" name="verify_AddDuplicateUser" time="5.708"/>
  <testcase classname="com.sevenrmartsupermarket.tests.AdminUsersTest" name="verify_SearchButtonFunctionalityForValidUser" time="7.947"/>
  <testcase classname="com.sevenrmartsupermarket.tests.AdminUsersTest" name="verify_verify_SearchButtonFunctionalityForInValidUser" time="7.886"/>
  <testcase classname="com.sevenrmartsupermarket.tests.AdminUsersTest" name="verify_UserStatusChangeButtonFunctionality" time="10.746"/>
  <testcase classname="com.sevenrmartsupermarket.tests.AdminUsersTest" name="verify_PasswordButtonShowsDetails" time="13.072"/>
  <testcase classname="com.sevenrmartsupermarket.tests.AdminUsersTest" name="verify_EditButtonFunctinality" time="8.081"/>
  <testcase classname="com.sevenrmartsupermarket.tests.AdminUsersTest" name="verify_DeleteButtonFunctionality" time="13.883"/>
</testsuite> <!-- com.sevenrmartsupermarket.tests.AdminUsersTest -->
