<?xml version="1.0" encoding="UTF-8"?>
<!-- Generated by org.testng.reporters.JUnitReportReporter -->
<testsuite hostname="REENA-S-N-50CHT74E" failures="0" tests="1" name="com.sevenrmartsupermarket.tests.LoginTest" time="3.407" errors="0" timestamp="2025-03-11T18:56:47 IST" skipped="0">
  <testcase classname="com.sevenrmartsupermarket.tests.LoginTest" name="verifyLogin" time="3.407"/>
</testsuite> <!-- com.sevenrmartsupermarket.tests.LoginTest -->
