<?xml version="1.0" encoding="UTF-8"?>
<!-- Generated by org.testng.reporters.JUnitReportReporter -->
<testsuite hostname="REENA-S-N-50CHT74E" failures="0" tests="1" name="com.sevenrmartsupermarket.tests.HomeTest" time="3.593" errors="0" timestamp="2025-03-11T18:57:48 IST" skipped="0">
  <testcase classname="com.sevenrmartsupermarket.tests.HomeTest" name="adminUsers" time="3.593"/>
</testsuite> <!-- com.sevenrmartsupermarket.tests.HomeTest -->
