<?xml version="1.0" encoding="UTF-8"?>
<!-- Generated by org.testng.reporters.JUnitReportReporter -->
<testsuite hostname="REENA-S-N-50CHT74E" failures="0" tests="1" name="com.sevenrmartsupermarket.tests.AdminUsersTest" time="15.664" errors="0" timestamp="2025-03-11T20:52:09 IST" skipped="0">
  <testcase classname="com.sevenrmartsupermarket.tests.AdminUsersTest" name="verify_SearchButtonFunctionalityForValidUser" time="15.664"/>
</testsuite> <!-- com.sevenrmartsupermarket.tests.AdminUsersTest -->
