<?xml version="1.0" encoding="UTF-8"?>
<!-- Generated by org.testng.reporters.JUnitReportReporter -->
<testsuite hostname="REENA-S-N-50CHT74E" failures="0" tests="1" name="com.sevenrmartsupermarket.tests.CategoryTest" time="5.263" errors="0" timestamp="2025-03-10T23:33:28 IST" skipped="0">
  <testcase classname="com.sevenrmartsupermarket.tests.CategoryTest" name="verify_Buttons_New_AddCategoryFunctionality" time="5.263"/>
</testsuite> <!-- com.sevenrmartsupermarket.tests.CategoryTest -->
